2015/03/17 13:11:51 [error] [php] include(Uploadhistory.php): failed to open stream: No such file or directory (F:\worksapce\moonbeam\framework\YiiBase.php:427)
Stack trace:
#0 F:\worksapce\moonbeam\protected\lib\productCollect\WebScrap.php(294): spl_autoload_call()
#1 F:\worksapce\moonbeam\protected\lib\productCollect\CollectClass.php(43): Shopbop->updateUpload()
#2 F:\worksapce\moonbeam\protected\models\CollectForm.php(46): CollectClass->excute()
#3 F:\worksapce\moonbeam\protected\controllers\TaobaoController.php(232): CollectForm->excute()
#4 F:\worksapce\moonbeam\framework\web\actions\CInlineAction.php(49): TaobaoController->actionIndex()
#5 F:\worksapce\moonbeam\framework\web\CController.php(308): CInlineAction->runWithParams()
#6 F:\worksapce\moonbeam\framework\web\filters\CFilterChain.php(133): TaobaoController->runAction()
#7 F:\worksapce\moonbeam\protected\components\AuthController.php(32): CFilterChain->run()
#8 F:\worksapce\moonbeam\framework\web\filters\CInlineFilter.php(58): TaobaoController->filterAccessControl()
#9 F:\worksapce\moonbeam\framework\web\filters\CFilterChain.php(130): CInlineFilter->filter()
#10 F:\worksapce\moonbeam\framework\web\CController.php(291): CFilterChain->run()
#11 F:\worksapce\moonbeam\framework\web\CController.php(265): TaobaoController->runActionWithFilters()
#12 F:\worksapce\moonbeam\framework\web\CWebApplication.php(282): TaobaoController->run()
#13 F:\worksapce\moonbeam\framework\web\CWebApplication.php(141): CWebApplication->runController()
#14 F:\worksapce\moonbeam\framework\base\CApplication.php(180): CWebApplication->processRequest()
#15 F:\worksapce\moonbeam\index.php(19): CWebApplication->run()
REQUEST_URI=/index.php/taobao/index
in F:\worksapce\moonbeam\protected\lib\productCollect\WebScrap.php (294)
in F:\worksapce\moonbeam\protected\lib\productCollect\CollectClass.php (43)
in F:\worksapce\moonbeam\protected\models\CollectForm.php (46)
in F:\worksapce\moonbeam\protected\controllers\TaobaoController.php (232)
2015/03/18 09:41:17 [error] [php] Undefined variable: currencyUrl (F:\workspace\moonbeam\protected\lib\productCollect\Forwardforward.php:66)
Stack trace:
#0 F:\workspace\moonbeam\protected\controllers\TaobaoController.php(232): CollectForm->excute()
#1 F:\workspace\moonbeam\framework\web\actions\CInlineAction.php(49): TaobaoController->actionIndex()
#2 F:\workspace\moonbeam\framework\web\CController.php(308): CInlineAction->runWithParams()
#3 F:\workspace\moonbeam\framework\web\filters\CFilterChain.php(133): TaobaoController->runAction()
#4 F:\workspace\moonbeam\protected\components\AuthController.php(32): CFilterChain->run()
#5 F:\workspace\moonbeam\framework\web\filters\CInlineFilter.php(58): TaobaoController->filterAccessControl()
#6 F:\workspace\moonbeam\framework\web\filters\CFilterChain.php(130): CInlineFilter->filter()
#7 F:\workspace\moonbeam\framework\web\CController.php(291): CFilterChain->run()
#8 F:\workspace\moonbeam\framework\web\CController.php(265): TaobaoController->runActionWithFilters()
#9 F:\workspace\moonbeam\framework\web\CWebApplication.php(282): TaobaoController->run()
#10 F:\workspace\moonbeam\framework\web\CWebApplication.php(141): CWebApplication->runController()
#11 F:\workspace\moonbeam\framework\base\CApplication.php(180): CWebApplication->processRequest()
#12 F:\workspace\moonbeam\index.php(19): CWebApplication->run()
REQUEST_URI=/index.php/taobao/index
in F:\workspace\moonbeam\protected\lib\productCollect\Forwardforward.php (66)
in F:\workspace\moonbeam\protected\lib\productCollect\CollectClass.php (41)
in F:\workspace\moonbeam\protected\models\CollectForm.php (46)
in F:\workspace\moonbeam\protected\controllers\TaobaoController.php (232)
2015/03/18 10:50:59 [error] [php] Undefined property: Forwardforward::$info (F:\workspace\moonbeam\protected\lib\productCollect\Forwardforward.php:242)
Stack trace:
#0 F:\workspace\moonbeam\protected\models\CollectForm.php(46): CollectClass->excute()
#1 F:\workspace\moonbeam\protected\controllers\TaobaoController.php(232): CollectForm->excute()
#2 F:\workspace\moonbeam\framework\web\actions\CInlineAction.php(49): TaobaoController->actionIndex()
#3 F:\workspace\moonbeam\framework\web\CController.php(308): CInlineAction->runWithParams()
#4 F:\workspace\moonbeam\framework\web\filters\CFilterChain.php(133): TaobaoController->runAction()
#5 F:\workspace\moonbeam\protected\components\AuthController.php(32): CFilterChain->run()
#6 F:\workspace\moonbeam\framework\web\filters\CInlineFilter.php(58): TaobaoController->filterAccessControl()
#7 F:\workspace\moonbeam\framework\web\filters\CFilterChain.php(130): CInlineFilter->filter()
#8 F:\workspace\moonbeam\framework\web\CController.php(291): CFilterChain->run()
#9 F:\workspace\moonbeam\framework\web\CController.php(265): TaobaoController->runActionWithFilters()
#10 F:\workspace\moonbeam\framework\web\CWebApplication.php(282): TaobaoController->run()
#11 F:\workspace\moonbeam\framework\web\CWebApplication.php(141): CWebApplication->runController()
#12 F:\workspace\moonbeam\framework\base\CApplication.php(180): CWebApplication->processRequest()
#13 F:\workspace\moonbeam\index.php(19): CWebApplication->run()
REQUEST_URI=/index.php/taobao/index
in F:\workspace\moonbeam\protected\lib\productCollect\Forwardforward.php (242)
in F:\workspace\moonbeam\protected\lib\productCollect\Forwardforward.php (78)
in F:\workspace\moonbeam\protected\lib\productCollect\CollectClass.php (41)
in F:\workspace\moonbeam\protected\models\CollectForm.php (46)
2015/03/18 17:42:31 [error] [php] Array to string conversion (F:\workspace\moonbeam\protected\lib\productCollect\Forwardforward.php:252)
Stack trace:
#0 F:\workspace\moonbeam\protected\models\CollectForm.php(46): CollectClass->excute()
#1 F:\workspace\moonbeam\protected\controllers\TaobaoController.php(232): CollectForm->excute()
#2 F:\workspace\moonbeam\framework\web\actions\CInlineAction.php(49): TaobaoController->actionIndex()
#3 F:\workspace\moonbeam\framework\web\CController.php(308): CInlineAction->runWithParams()
#4 F:\workspace\moonbeam\framework\web\filters\CFilterChain.php(133): TaobaoController->runAction()
#5 F:\workspace\moonbeam\protected\components\AuthController.php(32): CFilterChain->run()
#6 F:\workspace\moonbeam\framework\web\filters\CInlineFilter.php(58): TaobaoController->filterAccessControl()
#7 F:\workspace\moonbeam\framework\web\filters\CFilterChain.php(130): CInlineFilter->filter()
#8 F:\workspace\moonbeam\framework\web\CController.php(291): CFilterChain->run()
#9 F:\workspace\moonbeam\framework\web\CController.php(265): TaobaoController->runActionWithFilters()
#10 F:\workspace\moonbeam\framework\web\CWebApplication.php(282): TaobaoController->run()
#11 F:\workspace\moonbeam\framework\web\CWebApplication.php(141): CWebApplication->runController()
#12 F:\workspace\moonbeam\framework\base\CApplication.php(180): CWebApplication->processRequest()
#13 F:\workspace\moonbeam\index.php(19): CWebApplication->run()
REQUEST_URI=/index.php/taobao/index
in F:\workspace\moonbeam\protected\lib\productCollect\Forwardforward.php (252)
in F:\workspace\moonbeam\protected\lib\productCollect\Forwardforward.php (88)
in F:\workspace\moonbeam\protected\lib\productCollect\CollectClass.php (41)
in F:\workspace\moonbeam\protected\models\CollectForm.php (46)
2015/03/24 13:50:49 [error] [php] include(Uploadhistory.php): failed to open stream: No such file or directory (F:\workspace\moonbeam\framework\YiiBase.php:427)
Stack trace:
#0 F:\workspace\moonbeam\protected\lib\productCollect\WebScrap.php(306): spl_autoload_call()
#1 F:\workspace\moonbeam\protected\lib\productCollect\CollectClass.php(43): Shopbop->updateUpload()
#2 F:\workspace\moonbeam\protected\models\CollectForm.php(46): CollectClass->excute()
#3 F:\workspace\moonbeam\protected\controllers\TaobaoController.php(232): CollectForm->excute()
#4 F:\workspace\moonbeam\framework\web\actions\CInlineAction.php(49): TaobaoController->actionIndex()
#5 F:\workspace\moonbeam\framework\web\CController.php(308): CInlineAction->runWithParams()
#6 F:\workspace\moonbeam\framework\web\filters\CFilterChain.php(133): TaobaoController->runAction()
#7 F:\workspace\moonbeam\protected\components\AuthController.php(32): CFilterChain->run()
#8 F:\workspace\moonbeam\framework\web\filters\CInlineFilter.php(58): TaobaoController->filterAccessControl()
#9 F:\workspace\moonbeam\framework\web\filters\CFilterChain.php(130): CInlineFilter->filter()
#10 F:\workspace\moonbeam\framework\web\CController.php(291): CFilterChain->run()
#11 F:\workspace\moonbeam\framework\web\CController.php(265): TaobaoController->runActionWithFilters()
#12 F:\workspace\moonbeam\framework\web\CWebApplication.php(282): TaobaoController->run()
#13 F:\workspace\moonbeam\framework\web\CWebApplication.php(141): CWebApplication->runController()
#14 F:\workspace\moonbeam\framework\base\CApplication.php(180): CWebApplication->processRequest()
#15 F:\workspace\moonbeam\index.php(19): CWebApplication->run()
REQUEST_URI=/index.php/taobao/index
in F:\workspace\moonbeam\protected\lib\productCollect\WebScrap.php (306)
in F:\workspace\moonbeam\protected\lib\productCollect\CollectClass.php (43)
in F:\workspace\moonbeam\protected\models\CollectForm.php (46)
in F:\workspace\moonbeam\protected\controllers\TaobaoController.php (232)
2015/03/24 13:50:55 [info] [application] value=美国
in F:\workspace\moonbeam\protected\extensions\editable\EditableField.php (134)
in F:\workspace\moonbeam\protected\extensions\editable\EditableField.php (146)
in F:\workspace\moonbeam\protected\extensions\editable\EditableField.php (126)
in F:\workspace\moonbeam\protected\views\product\_panel.php (17)
2015/03/24 13:50:55 [info] [application] value=0
in F:\workspace\moonbeam\protected\lib\Functions.php (120)
in F:\workspace\moonbeam\protected\models\Attribute.php (66)
in F:\workspace\moonbeam\protected\views\product\view.php (55)
in F:\workspace\moonbeam\protected\controllers\ProductController.php (37)
2015/03/24 13:50:55 [info] [application] math=68.9878*{value}
in F:\workspace\moonbeam\protected\lib\Functions.php (121)
in F:\workspace\moonbeam\protected\models\Attribute.php (66)
in F:\workspace\moonbeam\protected\views\product\view.php (55)
in F:\workspace\moonbeam\protected\controllers\ProductController.php (37)
2015/03/24 13:50:56 [info] [application] value=259.00
in F:\workspace\moonbeam\protected\lib\Functions.php (120)
in F:\workspace\moonbeam\protected\models\ExchangeRate.php (74)
in F:\workspace\moonbeam\protected\models\Product.php (222)
in F:\workspace\moonbeam\protected\views\product\view.php (76)
2015/03/24 13:50:56 [info] [application] math={value}*6.35*1.1+60
in F:\workspace\moonbeam\protected\lib\Functions.php (121)
in F:\workspace\moonbeam\protected\models\ExchangeRate.php (74)
in F:\workspace\moonbeam\protected\models\Product.php (222)
in F:\workspace\moonbeam\protected\views\product\view.php (76)
2015/03/24 13:50:56 [info] [application] value=259.00
in F:\workspace\moonbeam\protected\lib\Functions.php (120)
in F:\workspace\moonbeam\protected\models\ExchangeRate.php (74)
in F:\workspace\moonbeam\protected\models\Product.php (223)
in F:\workspace\moonbeam\protected\views\product\view.php (76)
2015/03/24 13:50:56 [info] [application] math={value}*6.35*1.1+60
in F:\workspace\moonbeam\protected\lib\Functions.php (121)
in F:\workspace\moonbeam\protected\models\ExchangeRate.php (74)
in F:\workspace\moonbeam\protected\models\Product.php (223)
in F:\workspace\moonbeam\protected\views\product\view.php (76)
2015/03/25 09:13:58 [error] [php] MemcachePool::get():  (F:\workspace\moonbeam\framework\caching\CMemCache.php:149)
Stack trace:
#0 F:\workspace\moonbeam\framework\web\CUrlManager.php(219): CMemCache->get()
#1 F:\workspace\moonbeam\framework\web\CUrlManager.php(206): CUrlManager->processRules()
#2 F:\workspace\moonbeam\framework\base\CModule.php(387): CUrlManager->init()
#3 F:\workspace\moonbeam\framework\base\CApplication.php(522): CWebApplication->getComponent()
#4 F:\workspace\moonbeam\framework\web\CWebApplication.php(140): CWebApplication->getUrlManager()
#5 F:\workspace\moonbeam\framework\base\CApplication.php(180): CWebApplication->processRequest()
#6 F:\workspace\moonbeam\index.php(19): CWebApplication->run()
REQUEST_URI=/
in F:\workspace\moonbeam\index.php (19)
2015/03/25 09:18:08 [error] [php] MemcachePool::get():  (F:\workspace\moonbeam\framework\caching\CMemCache.php:149)
Stack trace:
#0 F:\workspace\moonbeam\framework\web\CUrlManager.php(219): CMemCache->get()
#1 F:\workspace\moonbeam\framework\web\CUrlManager.php(206): CUrlManager->processRules()
#2 F:\workspace\moonbeam\framework\base\CModule.php(387): CUrlManager->init()
#3 F:\workspace\moonbeam\framework\base\CApplication.php(522): CWebApplication->getComponent()
#4 F:\workspace\moonbeam\framework\web\CWebApplication.php(140): CWebApplication->getUrlManager()
#5 F:\workspace\moonbeam\framework\base\CApplication.php(180): CWebApplication->processRequest()
#6 F:\workspace\moonbeam\index.php(19): CWebApplication->run()
REQUEST_URI=/
in F:\workspace\moonbeam\index.php (19)
2015/03/25 09:18:49 [error] [php] MemcachePool::get():  (F:\workspace\moonbeam\framework\caching\CMemCache.php:149)
Stack trace:
#0 F:\workspace\moonbeam\framework\web\CUrlManager.php(219): CMemCache->get()
#1 F:\workspace\moonbeam\framework\web\CUrlManager.php(206): CUrlManager->processRules()
#2 F:\workspace\moonbeam\framework\base\CModule.php(387): CUrlManager->init()
#3 F:\workspace\moonbeam\framework\base\CApplication.php(522): CWebApplication->getComponent()
#4 F:\workspace\moonbeam\framework\web\CWebApplication.php(140): CWebApplication->getUrlManager()
#5 F:\workspace\moonbeam\framework\base\CApplication.php(180): CWebApplication->processRequest()
#6 F:\workspace\moonbeam\index.php(19): CWebApplication->run()
REQUEST_URI=/
in F:\workspace\moonbeam\index.php (19)
2015/03/25 10:19:22 [error] [php] Use of undefined constant tagprice - assumed 'tagprice' (F:\workspace\moonbeam\protected\lib\productCollect\Farfetch.php:303)
Stack trace:
#0 F:\workspace\moonbeam\protected\models\CollectForm.php(46): CollectClass->excute()
#1 F:\workspace\moonbeam\protected\controllers\TaobaoController.php(232): CollectForm->excute()
#2 F:\workspace\moonbeam\framework\web\actions\CInlineAction.php(49): TaobaoController->actionIndex()
#3 F:\workspace\moonbeam\framework\web\CController.php(308): CInlineAction->runWithParams()
#4 F:\workspace\moonbeam\framework\web\filters\CFilterChain.php(133): TaobaoController->runAction()
#5 F:\workspace\moonbeam\protected\components\AuthController.php(32): CFilterChain->run()
#6 F:\workspace\moonbeam\framework\web\filters\CInlineFilter.php(58): TaobaoController->filterAccessControl()
#7 F:\workspace\moonbeam\framework\web\filters\CFilterChain.php(130): CInlineFilter->filter()
#8 F:\workspace\moonbeam\framework\web\CController.php(291): CFilterChain->run()
#9 F:\workspace\moonbeam\framework\web\CController.php(265): TaobaoController->runActionWithFilters()
#10 F:\workspace\moonbeam\framework\web\CWebApplication.php(282): TaobaoController->run()
#11 F:\workspace\moonbeam\framework\web\CWebApplication.php(141): CWebApplication->runController()
#12 F:\workspace\moonbeam\framework\base\CApplication.php(180): CWebApplication->processRequest()
#13 F:\workspace\moonbeam\index.php(19): CWebApplication->run()
REQUEST_URI=/index.php/taobao/index
in F:\workspace\moonbeam\protected\lib\productCollect\Farfetch.php (303)
in F:\workspace\moonbeam\protected\lib\productCollect\Farfetch.php (431)
in F:\workspace\moonbeam\protected\lib\productCollect\CollectClass.php (41)
in F:\workspace\moonbeam\protected\models\CollectForm.php (46)
